<?xml version="1.0" encoding="UTF-8"?>
<testsuite xmlns:xsi="http://www.w3.org/2001/XMLSchema-instance" xsi:noNamespaceSchemaLocation="https://maven.apache.org/surefire/maven-surefire-plugin/xsd/surefire-test-report-3.0.xsd" version="3.0" name="Test_cal" time="0.077" tests="5" errors="0" skipped="0" failures="0">
  <properties>
[...]
</properties>
  <testcase name="testdivide" classname="Test_cal" time="0.046">
    <system-out><![CDATA[25.2586 / 6.1602 is: 4.100288951657414
]]></system-out>
  </testcase>
  <testcase name="testadd" classname="Test_cal" time="0.002">
    <system-out><![CDATA[25.2586 + 6.1602 is: 31.4188
]]></system-out>
  </testcase>
  <testcase name="testexponent" classname="Test_cal" time="0.002">
    <system-out><![CDATA[25.2586 ^ 6.1602 is: 4.356338499410149E8
]]></system-out>
  </testcase>
  <testcase name="testsubstract" classname="Test_cal" time="0.001">
    <system-out><![CDATA[25.2586 - 6.1602 is: 19.0984
]]></system-out>
  </testcase>
  <testcase name="testmultiply" classname="Test_cal" time="0.001">
    <system-out><![CDATA[25.2586 * 6.1602 is: 155.59802772
]]></system-out>
  </testcase>
</testsuite>